<?xml version="1.0" encoding="UTF-8"?>
<!-- Generated by org.testng.reporters.JUnitReportReporter -->
<testsuite hostname="DESKTOP-7SM6G84" failures="0" tests="1" name="AdminModuleForHK.AdminLoginpageTest" time="1.608" errors="0" timestamp="2024-11-26T06:14:26 IST" skipped="0">
  <testcase classname="AdminModuleForHK.AdminLoginpageTest" name="loginAdmin" time="1.608"/>
  <system-out/>
</testsuite> <!-- AdminModuleForHK.AdminLoginpageTest -->
