<?xml version="1.0" encoding="UTF-8"?>
<!-- Generated by org.testng.reporters.JUnitReportReporter -->
<testsuite hostname="DESKTOP-7SM6G84" failures="0" tests="1" name="DoctorModule.BookAppointmentDTest" time="5.835" errors="0" timestamp="2024-11-23T10:43:13 IST" skipped="0">
  <testcase classname="DoctorModule.BookAppointmentDTest" name="bookappointmentTest" time="5.835"/>
  <system-out/>
</testsuite> <!-- DoctorModule.BookAppointmentDTest -->
