<?xml version="1.0" encoding="UTF-8"?>
<!-- Generated by org.testng.reporters.JUnitReportReporter -->
<testsuite hostname="DESKTOP-7SM6G84" failures="0" tests="1" name="PatientModuleForHk.CreatePatientAccountTest" time="2.722" errors="0" timestamp="2024-11-22T11:12:48 IST" skipped="0">
  <testcase classname="PatientModuleForHk.CreatePatientAccountTest" name="createAccountTest" time="2.722"/>
  <system-out/>
</testsuite> <!-- PatientModuleForHk.CreatePatientAccountTest -->
